<?xml version="1.0" ?>
<testsuite name="WebTests-20210218191521" tests="3" time="23.243" failures="0" errors="1">
	<testcase classname="WebTests" name="test_2_open_ebay_and_fetch_results" time="2.566"/>
	<testcase classname="WebTests" name="test_3_combine_the_results" time="0.000"/>
	<testcase classname="WebTests" name="test_1_open_amazon_and_fetch_results" time="20.677">
		<error type="InvalidSelectorException" message="Message: invalid selector: Unable to locate an element with the xpath expression //*[@href*='Apple-iPhone-11-64GB-Red/dp/B084GYQ983/ref=sr_1_14?dchild=1&amp;keywords=Apple+iPhone+11%2C+64GB&amp;qid=1613646935&amp;sr=8-14'] because of the following error:
SyntaxError: Failed to execute 'evaluate' on 'Document': The string '//*[@href*='Apple-iPhone-11-64GB-Red/dp/B084GYQ983/ref=sr_1_14?dchild=1&amp;keywords=Apple+iPhone+11%2C+64GB&amp;qid=1613646935&amp;sr=8-14']' is not a valid XPath expression.
  (Session info: chrome=88.0.4324.182)
"><![CDATA[Traceback (most recent call last):
  File "C:\Users\Depinder Bharti\PycharmProjects\pythonProject\main2.py", line 36, in test_1_open_amazon_and_fetch_results
    price = self.driver.find_element_by_xpath("//*[@href*='" + link.replace("https://www.amazon.com/","") + "']").get_attribute("href")
  File "C:\Users\Depinder Bharti\AppData\Local\Programs\Python\Python39\lib\site-packages\selenium\webdriver\remote\webdriver.py", line 394, in find_element_by_xpath
    return self.find_element(by=By.XPATH, value=xpath)
  File "C:\Users\Depinder Bharti\AppData\Local\Programs\Python\Python39\lib\site-packages\selenium\webdriver\remote\webdriver.py", line 976, in find_element
    return self.execute(Command.FIND_ELEMENT, {
  File "C:\Users\Depinder Bharti\AppData\Local\Programs\Python\Python39\lib\site-packages\selenium\webdriver\remote\webdriver.py", line 321, in execute
    self.error_handler.check_response(response)
  File "C:\Users\Depinder Bharti\AppData\Local\Programs\Python\Python39\lib\site-packages\selenium\webdriver\remote\errorhandler.py", line 242, in check_response
    raise exception_class(message, screen, stacktrace)
selenium.common.exceptions.InvalidSelectorException: Message: invalid selector: Unable to locate an element with the xpath expression //*[@href*='Apple-iPhone-11-64GB-Red/dp/B084GYQ983/ref=sr_1_14?dchild=1&keywords=Apple+iPhone+11%2C+64GB&qid=1613646935&sr=8-14'] because of the following error:
SyntaxError: Failed to execute 'evaluate' on 'Document': The string '//*[@href*='Apple-iPhone-11-64GB-Red/dp/B084GYQ983/ref=sr_1_14?dchild=1&keywords=Apple+iPhone+11%2C+64GB&qid=1613646935&sr=8-14']' is not a valid XPath expression.
  (Session info: chrome=88.0.4324.182)

]]></error>
	</testcase>
	<system-out><![CDATA[Init - Setting up web browser
TestCase: 1 - Open Amazon and fetch results for Iphone 11
TestCase: 2 - Open Ebay and fetch results for Iphone 11
TestCase: 3 - Fetch values from Global and handle data
TearDown - End of Test Scenario
]]></system-out>
	<system-err><![CDATA[]]></system-err>
</testsuite>
