<?xml version="1.0" ?>
<testsuite name="WebTests-20210218184334" tests="3" time="22.641" failures="0" errors="1">
	<testcase classname="WebTests" name="test_2_open_ebay_and_fetch_results" time="3.084"/>
	<testcase classname="WebTests" name="test_3_combine_the_results" time="0.000"/>
	<testcase classname="WebTests" name="test_1_open_amazon_and_fetch_results" time="19.557">
		<error type="NoSuchElementException" message="Message: no such element: Unable to locate element: {&quot;method&quot;:&quot;xpath&quot;,&quot;selector&quot;:&quot;//a[@href='https://www.amazon.com/Apple-iPhone-11-64GB-Red/dp/B084GYQ983/ref=sr_1_13?dchild=1&amp;keywords=Apple+iPhone+11%2C+64GB&amp;qid=1613645027&amp;sr=8-13']&quot;}
  (Session info: chrome=88.0.4324.182)
"><![CDATA[Traceback (most recent call last):
  File "C:\Users\Depinder Bharti\PycharmProjects\pythonProject\main2.py", line 36, in test_1_open_amazon_and_fetch_results
    price = self.driver.find_element_by_xpath("//a[@href='" + link + "']").get_attribute("class")
  File "C:\Users\Depinder Bharti\AppData\Local\Programs\Python\Python39\lib\site-packages\selenium\webdriver\remote\webdriver.py", line 394, in find_element_by_xpath
    return self.find_element(by=By.XPATH, value=xpath)
  File "C:\Users\Depinder Bharti\AppData\Local\Programs\Python\Python39\lib\site-packages\selenium\webdriver\remote\webdriver.py", line 976, in find_element
    return self.execute(Command.FIND_ELEMENT, {
  File "C:\Users\Depinder Bharti\AppData\Local\Programs\Python\Python39\lib\site-packages\selenium\webdriver\remote\webdriver.py", line 321, in execute
    self.error_handler.check_response(response)
  File "C:\Users\Depinder Bharti\AppData\Local\Programs\Python\Python39\lib\site-packages\selenium\webdriver\remote\errorhandler.py", line 242, in check_response
    raise exception_class(message, screen, stacktrace)
selenium.common.exceptions.NoSuchElementException: Message: no such element: Unable to locate element: {"method":"xpath","selector":"//a[@href='https://www.amazon.com/Apple-iPhone-11-64GB-Red/dp/B084GYQ983/ref=sr_1_13?dchild=1&keywords=Apple+iPhone+11%2C+64GB&qid=1613645027&sr=8-13']"}
  (Session info: chrome=88.0.4324.182)

]]></error>
	</testcase>
	<system-out><![CDATA[Init - Setting up web browser
TestCase: 1 - Open Amazon and fetch results for Iphone 11
TestCase: 2 - Open Ebay and fetch results for Iphone 11
TestCase: 3 - Fetch values from Global and handle data
TearDown - End of Test Scenario
]]></system-out>
	<system-err><![CDATA[]]></system-err>
</testsuite>
